<?xml version="1.0" encoding="UTF-8"?>
<testng-results ignored="0" total="1" passed="1" failed="0" skipped="0">
  <reporter-output>
  </reporter-output>
  <suite started-at="2024-08-13T18:47:42 PDT" name="Default suite" finished-at="2024-08-13T18:47:57 PDT" duration-ms="14547">
    <groups>
    </groups>
    <test started-at="2024-08-13T18:47:42 PDT" name="Default test" finished-at="2024-08-13T18:47:57 PDT" duration-ms="14547">
      <class name="org.spirae.mavansample.TC001">
        <test-method signature="tc001()[pri:0, instance:org.spirae.mavansample.TC001@193f604a]" started-at="2024-08-13T18:47:42 PDT" name="tc001" finished-at="2024-08-13T18:47:57 PDT" duration-ms="14445" status="PASS">
          <reporter-output>
          </reporter-output>
        </test-method> <!-- tc001 -->
      </class> <!-- org.spirae.mavansample.TC001 -->
    </test> <!-- Default test -->
  </suite> <!-- Default suite -->
</testng-results>
